[0317/154922.622:ERROR:process_reader_win.cc(123)] NtOpenThread: {Access Denied} A process has requested access to an object, but has not been granted those access rights. (0xc0000022)
[0317/154922.714:ERROR:exception_snapshot_win.cc(98)] thread ID 3812 not found in process
[0317/154922.973:ERROR:process_reader_win.cc(123)] NtOpenThread: {Access Denied} A process has requested access to an object, but has not been granted those access rights. (0xc0000022)
[0317/154922.973:ERROR:process_reader_win.cc(123)] NtOpenThread: {Access Denied} A process has requested access to an object, but has not been granted those access rights. (0xc0000022)
[0317/154922.973:ERROR:exception_snapshot_win.cc(98)] thread ID 1900 not found in process
[0317/154922.973:ERROR:exception_snapshot_win.cc(98)] thread ID 7132 not found in process
[0317/154922.974:ERROR:process_reader_win.cc(123)] NtOpenThread: {Access Denied} A process has requested access to an object, but has not been granted those access rights. (0xc0000022)
[0317/154922.977:ERROR:exception_snapshot_win.cc(98)] thread ID 12108 not found in process
[0317/154922.986:ERROR:process_info.cc(329)] VirtualQueryEx: Access is denied. (0x5)
[0317/154922.986:ERROR:process_info.cc(556)] ReadMemoryInfo failed
[0317/154922.986:ERROR:scoped_process_suspend.cc(40)] NtResumeProcess: An attempt was made to access an exiting process. (0xc000010a)
[0317/154923.026:ERROR:process_reader_win.cc(123)] NtOpenThread: {Access Denied} A process has requested access to an object, but has not been granted those access rights. (0xc0000022)
[0317/154923.026:ERROR:exception_snapshot_win.cc(98)] thread ID 9312 not found in process
[0317/154923.029:ERROR:process_reader_win.cc(123)] NtOpenThread: {Access Denied} A process has requested access to an object, but has not been granted those access rights. (0xc0000022)
[0317/154923.029:ERROR:exception_snapshot_win.cc(98)] thread ID 1604 not found in process
[0317/154923.030:ERROR:process_reader_win.cc(123)] NtOpenThread: {Access Denied} A process has requested access to an object, but has not been granted those access rights. (0xc0000022)
[0317/154923.031:ERROR:exception_snapshot_win.cc(98)] thread ID 8624 not found in process
[0317/154923.040:ERROR:process_reader_win.cc(123)] NtOpenThread: {Access Denied} A process has requested access to an object, but has not been granted those access rights. (0xc0000022)
[0317/154923.040:ERROR:exception_snapshot_win.cc(98)] thread ID 11632 not found in process
[0317/154923.042:ERROR:process_reader_win.cc(123)] NtOpenThread: {Access Denied} A process has requested access to an object, but has not been granted those access rights. (0xc0000022)
[0317/154923.042:ERROR:exception_snapshot_win.cc(98)] thread ID 5016 not found in process
[0317/154923.054:ERROR:process_reader_win.cc(123)] NtOpenThread: {Access Denied} A process has requested access to an object, but has not been granted those access rights. (0xc0000022)
[0317/154923.054:ERROR:exception_snapshot_win.cc(98)] thread ID 1736 not found in process
